2020-05-19 13:09:00.893 [main] INFO  o.s.b.t.context.SpringBootTestContextBootstrapper - Neither @ContextConfiguration nor @ContextHierarchy found for test class [com.usian.test.FastDFSTest], using SpringBootContextLoader
2020-05-19 13:09:00.900 [main] INFO  o.s.test.context.support.AbstractContextLoader - Could not detect default resource locations for test class [com.usian.test.FastDFSTest]: no resource found for suffixes {-context.xml, Context.groovy}.
2020-05-19 13:09:01.449 [main] INFO  o.s.b.t.context.SpringBootTestContextBootstrapper - Loaded default TestExecutionListener class names from location [META-INF/spring.factories]: [org.springframework.boot.test.mock.mockito.MockitoTestExecutionListener, org.springframework.boot.test.mock.mockito.ResetMocksTestExecutionListener, org.springframework.boot.test.autoconfigure.restdocs.RestDocsTestExecutionListener, org.springframework.boot.test.autoconfigure.web.client.MockRestServiceServerResetTestExecutionListener, org.springframework.boot.test.autoconfigure.web.servlet.MockMvcPrintOnlyOnFailureTestExecutionListener, org.springframework.boot.test.autoconfigure.web.servlet.WebDriverTestExecutionListener, org.springframework.test.context.web.ServletTestExecutionListener, org.springframework.test.context.support.DirtiesContextBeforeModesTestExecutionListener, org.springframework.test.context.support.DependencyInjectionTestExecutionListener, org.springframework.test.context.support.DirtiesContextTestExecutionListener, org.springframework.test.context.transaction.TransactionalTestExecutionListener, org.springframework.test.context.jdbc.SqlScriptsTestExecutionListener]
2020-05-19 13:09:01.478 [main] INFO  o.s.b.t.context.SpringBootTestContextBootstrapper - Using TestExecutionListeners: [org.springframework.test.context.web.ServletTestExecutionListener@37f1104d, org.springframework.test.context.support.DirtiesContextBeforeModesTestExecutionListener@55740540, org.springframework.boot.test.mock.mockito.MockitoTestExecutionListener@60015ef5, org.springframework.boot.test.autoconfigure.SpringBootDependencyInjectionTestExecutionListener@2f54a33d, org.springframework.test.context.support.DirtiesContextTestExecutionListener@1018bde2, org.springframework.boot.test.mock.mockito.ResetMocksTestExecutionListener@65b3f4a4, org.springframework.boot.test.autoconfigure.restdocs.RestDocsTestExecutionListener@f2ff811, org.springframework.boot.test.autoconfigure.web.client.MockRestServiceServerResetTestExecutionListener@568ff82, org.springframework.boot.test.autoconfigure.web.servlet.MockMvcPrintOnlyOnFailureTestExecutionListener@50caa560, org.springframework.boot.test.autoconfigure.web.servlet.WebDriverTestExecutionListener@2a266d09]
2020-05-19 13:09:04.421 [main] INFO  o.s.c.s.PostProcessorRegistrationDelegate$BeanPostProcessorChecker - Bean 'org.springframework.cloud.autoconfigure.ConfigurationPropertiesRebinderAutoConfiguration' of type [org.springframework.cloud.autoconfigure.ConfigurationPropertiesRebinderAutoConfiguration$$EnhancerBySpringCGLIB$$c3348547] is not eligible for getting processed by all BeanPostProcessors (for example: not eligible for auto-proxying)
2020-05-19 13:09:06.598 [main] INFO  com.usian.test.FastDFSTest - No active profile set, falling back to default profiles: default
2020-05-19 13:09:07.608 [main] INFO  o.springframework.cloud.context.scope.GenericScope - BeanFactory id=6120ce56-d068-33e5-a2d1-9bc18343a6ff
2020-05-19 13:09:07.718 [main] INFO  o.s.c.s.PostProcessorRegistrationDelegate$BeanPostProcessorChecker - Bean 'org.springframework.cloud.autoconfigure.ConfigurationPropertiesRebinderAutoConfiguration' of type [org.springframework.cloud.autoconfigure.ConfigurationPropertiesRebinderAutoConfiguration$$EnhancerBySpringCGLIB$$c3348547] is not eligible for getting processed by all BeanPostProcessors (for example: not eligible for auto-proxying)
2020-05-19 13:09:08.343 [main] WARN  com.netflix.config.sources.URLConfigurationSource - No URLs will be polled as dynamic configuration sources.
2020-05-19 13:09:08.343 [main] INFO  com.netflix.config.sources.URLConfigurationSource - To enable URLs as dynamic configuration sources, define System property archaius.configurationSource.additionalUrls or make config.properties available on classpath.
2020-05-19 13:09:08.349 [main] WARN  com.netflix.config.sources.URLConfigurationSource - No URLs will be polled as dynamic configuration sources.
2020-05-19 13:09:08.349 [main] INFO  com.netflix.config.sources.URLConfigurationSource - To enable URLs as dynamic configuration sources, define System property archaius.configurationSource.additionalUrls or make config.properties available on classpath.
2020-05-19 13:09:08.581 [main] INFO  o.s.scheduling.concurrent.ThreadPoolTaskExecutor - Initializing ExecutorService 'applicationTaskExecutor'
2020-05-19 13:09:10.788 [main] INFO  org.springframework.cloud.commons.util.InetUtils - Cannot determine local hostname
2020-05-19 13:09:12.605 [main] INFO  org.springframework.cloud.commons.util.InetUtils - Cannot determine local hostname
2020-05-19 13:09:12.761 [main] INFO  com.usian.test.FastDFSTest - Started FastDFSTest in 11.162 seconds (JVM running for 12.969)
2020-05-19 13:09:12.863 [Thread-6] INFO  o.s.cloud.netflix.eureka.InstanceInfoFactory - Setting initial instance status as: STARTING
2020-05-19 13:09:12.866 [Thread-6] INFO  o.s.c.n.e.serviceregistry.EurekaServiceRegistry - Unregistering application USIAN-ITEM-WEB with eureka with status DOWN
2020-05-19 13:09:12.867 [Thread-6] INFO  o.s.scheduling.concurrent.ThreadPoolTaskExecutor - Shutting down ExecutorService 'applicationTaskExecutor'
2020-05-19 13:09:12.869 [Thread-6] INFO  o.s.jmx.export.annotation.AnnotationMBeanExporter - Could not unregister MBean [com.github.tobato.fastdfs.conn:name=fdfsConnectionPool,type=FdfsConnectionPool] as said MBean is not registered (perhaps already unregistered by an external process)
2020-05-19 13:10:36.100 [main] INFO  o.s.b.t.context.SpringBootTestContextBootstrapper - Neither @ContextConfiguration nor @ContextHierarchy found for test class [com.usian.test.FastDFSTest], using SpringBootContextLoader
2020-05-19 13:10:36.109 [main] INFO  o.s.test.context.support.AbstractContextLoader - Could not detect default resource locations for test class [com.usian.test.FastDFSTest]: no resource found for suffixes {-context.xml, Context.groovy}.
2020-05-19 13:10:36.309 [main] INFO  o.s.b.t.context.SpringBootTestContextBootstrapper - Loaded default TestExecutionListener class names from location [META-INF/spring.factories]: [org.springframework.boot.test.mock.mockito.MockitoTestExecutionListener, org.springframework.boot.test.mock.mockito.ResetMocksTestExecutionListener, org.springframework.boot.test.autoconfigure.restdocs.RestDocsTestExecutionListener, org.springframework.boot.test.autoconfigure.web.client.MockRestServiceServerResetTestExecutionListener, org.springframework.boot.test.autoconfigure.web.servlet.MockMvcPrintOnlyOnFailureTestExecutionListener, org.springframework.boot.test.autoconfigure.web.servlet.WebDriverTestExecutionListener, org.springframework.test.context.web.ServletTestExecutionListener, org.springframework.test.context.support.DirtiesContextBeforeModesTestExecutionListener, org.springframework.test.context.support.DependencyInjectionTestExecutionListener, org.springframework.test.context.support.DirtiesContextTestExecutionListener, org.springframework.test.context.transaction.TransactionalTestExecutionListener, org.springframework.test.context.jdbc.SqlScriptsTestExecutionListener]
2020-05-19 13:10:36.319 [main] INFO  o.s.b.t.context.SpringBootTestContextBootstrapper - Using TestExecutionListeners: [org.springframework.test.context.web.ServletTestExecutionListener@37f1104d, org.springframework.test.context.support.DirtiesContextBeforeModesTestExecutionListener@55740540, org.springframework.boot.test.mock.mockito.MockitoTestExecutionListener@60015ef5, org.springframework.boot.test.autoconfigure.SpringBootDependencyInjectionTestExecutionListener@2f54a33d, org.springframework.test.context.support.DirtiesContextTestExecutionListener@1018bde2, org.springframework.boot.test.mock.mockito.ResetMocksTestExecutionListener@65b3f4a4, org.springframework.boot.test.autoconfigure.restdocs.RestDocsTestExecutionListener@f2ff811, org.springframework.boot.test.autoconfigure.web.client.MockRestServiceServerResetTestExecutionListener@568ff82, org.springframework.boot.test.autoconfigure.web.servlet.MockMvcPrintOnlyOnFailureTestExecutionListener@50caa560, org.springframework.boot.test.autoconfigure.web.servlet.WebDriverTestExecutionListener@2a266d09]
2020-05-19 13:10:38.713 [main] INFO  o.s.c.s.PostProcessorRegistrationDelegate$BeanPostProcessorChecker - Bean 'org.springframework.cloud.autoconfigure.ConfigurationPropertiesRebinderAutoConfiguration' of type [org.springframework.cloud.autoconfigure.ConfigurationPropertiesRebinderAutoConfiguration$$EnhancerBySpringCGLIB$$c3348547] is not eligible for getting processed by all BeanPostProcessors (for example: not eligible for auto-proxying)
2020-05-19 13:10:40.683 [main] INFO  com.usian.test.FastDFSTest - No active profile set, falling back to default profiles: default
2020-05-19 13:10:41.320 [main] INFO  o.springframework.cloud.context.scope.GenericScope - BeanFactory id=6120ce56-d068-33e5-a2d1-9bc18343a6ff
2020-05-19 13:10:41.421 [main] INFO  o.s.c.s.PostProcessorRegistrationDelegate$BeanPostProcessorChecker - Bean 'org.springframework.cloud.autoconfigure.ConfigurationPropertiesRebinderAutoConfiguration' of type [org.springframework.cloud.autoconfigure.ConfigurationPropertiesRebinderAutoConfiguration$$EnhancerBySpringCGLIB$$c3348547] is not eligible for getting processed by all BeanPostProcessors (for example: not eligible for auto-proxying)
2020-05-19 13:10:41.987 [main] WARN  com.netflix.config.sources.URLConfigurationSource - No URLs will be polled as dynamic configuration sources.
2020-05-19 13:10:41.987 [main] INFO  com.netflix.config.sources.URLConfigurationSource - To enable URLs as dynamic configuration sources, define System property archaius.configurationSource.additionalUrls or make config.properties available on classpath.
2020-05-19 13:10:41.992 [main] WARN  com.netflix.config.sources.URLConfigurationSource - No URLs will be polled as dynamic configuration sources.
2020-05-19 13:10:41.992 [main] INFO  com.netflix.config.sources.URLConfigurationSource - To enable URLs as dynamic configuration sources, define System property archaius.configurationSource.additionalUrls or make config.properties available on classpath.
2020-05-19 13:10:42.212 [main] INFO  o.s.scheduling.concurrent.ThreadPoolTaskExecutor - Initializing ExecutorService 'applicationTaskExecutor'
2020-05-19 13:10:44.403 [main] INFO  org.springframework.cloud.commons.util.InetUtils - Cannot determine local hostname
2020-05-19 13:10:46.199 [main] INFO  org.springframework.cloud.commons.util.InetUtils - Cannot determine local hostname
2020-05-19 13:10:46.335 [main] INFO  com.usian.test.FastDFSTest - Started FastDFSTest in 9.972 seconds (JVM running for 10.873)
2020-05-19 13:10:47.387 [Thread-6] INFO  o.s.cloud.netflix.eureka.InstanceInfoFactory - Setting initial instance status as: STARTING
2020-05-19 13:10:47.390 [Thread-6] INFO  o.s.c.n.e.serviceregistry.EurekaServiceRegistry - Unregistering application USIAN-ITEM-WEB with eureka with status DOWN
2020-05-19 13:10:47.392 [Thread-6] INFO  o.s.scheduling.concurrent.ThreadPoolTaskExecutor - Shutting down ExecutorService 'applicationTaskExecutor'
2020-05-19 13:10:47.394 [Thread-6] INFO  o.s.jmx.export.annotation.AnnotationMBeanExporter - Could not unregister MBean [com.github.tobato.fastdfs.conn:name=fdfsConnectionPool,type=FdfsConnectionPool] as said MBean is not registered (perhaps already unregistered by an external process)
